make.exe all --print-data-base --no-builtin-variables --no-builtin-rules --question
# GNU Make 4.3
# Built for Windows32
# Copyright (C) 1988-2020 Free Software Foundation, Inc.
# License GPLv3+: GNU GPL version 3 or later <http://gnu.org/licenses/gpl.html>
# This is free software: you are free to change and redistribute it.
# There is NO WARRANTY, to the extent permitted by law.

# Make data base, printed on Fri Mar 25 22:26:04 2022

# Variables

# environment
FPS_BROWSER_APP_PROFILE_STRING = Internet Explorer
# environment
SYSTEMDRIVE = C:
# environment
JAVA_HOME = C:\Program Files\Java\jdk1.8.0_211
# environment
LC_ALL = C
# environment
USERPROFILE = C:\Users\Cyril Wastchenko
# environment
VBOX_MSI_INSTALL_PATH = D:\Oracle\VirtualBox\
# environment
LOCALAPPDATA = C:\Users\Cyril Wastchenko\AppData\Local
# environment
VSCODE_IPC_HOOK_EXTHOST = \\.\pipe\vscode-ipc-7ce790ac-80f9-40cb-b75d-66e58d48810c-sock
# environment
VSCODE_CWD = C:\Users\Cyril Wastchenko\AppData\Local\Programs\Microsoft VS Code
# environment
CHOCOLATEYINSTALL = C:\ProgramData\chocolatey
# environment
SYSTEMROOT = C:\WINDOWS
# environment
PROCESSOR_LEVEL = 6
# environment
PSMODULEPATH = C:\Program Files\WindowsPowerShell\Modules;C:\WINDOWS\system32\WindowsPowerShell\v1.0\Modules
# default
MAKE_COMMAND := C:/ProgramData/chocolatey/lib/make/tools/install/bin/make.exe
# automatic
@D = $(patsubst %/,%,$(patsubst %\,%,$(dir $@)))
# environment
DOKANLIBRARY1_LIBRARYPATH_X64 = C:\Program Files\Dokan\Dokan Library-1.4.1\lib\
# environment
CHROME_CRASHPAD_PIPE_NAME = \\.\pipe\crashpad_10992_FYCLUVOJYWOLNNNI
# environment
FPS_BROWSER_USER_PROFILE_STRING = Default
# environment
VSCODE_HANDLES_UNCAUGHT_ERRORS = true
# default
.VARIABLES := 
# automatic
%D = $(patsubst %/,%,$(patsubst %\,%,$(dir $%)))
# automatic
^D = $(patsubst %/,%,$(patsubst %\,%,$(dir $^)))
# environment
VSCODE_LOG_STACK = false
# automatic
%F = $(notdir $%)
# 
 environment
VSCODE_CODE_CACHE_PATH = C:\Users\Cyril Wastchenko\AppData\Roaming\Code\CachedData\c722ca6c7eed3d7987c0d5c3df5c45f6b15e77d1
# makefile (from 'Makefile', line 18)
NAMELFT = ./libft/libft.a
# makefile (from 'Makefile', line 16)
LIBFT = ./libft/
# environment
LANG = C
# default
.LOADED := 
# environment
TMP = C:\Users\CYRILW~1\AppData\Local\Temp
# default
.INCLUDE_DIRS = .
# environment
PROCESSOR_ARCHITEW6432 = AMD64
# makefile
MAKEFLAGS = pqrR
# environment
ONEDRIVE = C:\Users\Cyril Wastchenko\OneDrive
# makefile
CURDIR := d:/vsc_42cursus/mini_shell_loop
# environment
VSCODE_PIPE_LOGGING = true
# environment
DOKANLIBRARY1_LIBRARYPATH_X86 = C:\Program Files\Dokan\Dokan Library-1.4.1\x86\lib\
# environment
APPLICATION_INSIGHTS_NO_DIAGNOSTIC_CHANNEL = true
# automatic
*D = $(patsubst %/,%,$(patsubst %\,%,$(dir $*)))
# environment
PROGRAMFILES = C:\Program Files (x86)
# environment
MFLAGS = -pqrR
# default
.SHELLFLAGS := -c
# environment
COMMONPROGRAMW6432 = C:\Program Files\Common Files
# automatic
+D = $(patsubst %/,%,$(patsubst %\,%,$(dir $+)))
# makefile (from 'Makefile', line 1)
MAKEFILE_LIST := Makefile
# automatic
@F = $(notdir $@)
# environment
VSCODE_VERBOSE_LOGGING = true
# environment
VSCODE_PID = 10992
# automatic
?D = $(patsubst %/,%,$(patsubst %\,%,$(dir $?)))
# environment
ONLINESERVICES = Online Services
# automatic
*F = $(notdir $*)
# automatic
<D = $(patsubst %/,%,$(patsubst %\,%,$(dir $<)))
# environment
VSCODE_NLS_CONFIG = {"locale":"en-us","availableLanguages":{},"_languagePackSupport":true}
# default
MAKE_HOST := Windows32
# makefile (from 'Makefile', line 20)
OBJS = $(PARS:c=o) $(EXE:c=o)
# environment
ANDROID_HOME = C:\Users\Cyril Wastchenko\AppData\Local\Android\Sdk
# environment
PROGRAMDATA = C:\ProgramData
# default
SHELL := sh.exe
# environment
CLASSPATH = .;
# environment
HOMEPATH = \Users\Cyril Wastchenko
# default
MAKECMDGOALS := all
# environment
DRIVERDATA = C:\Windows\System32\Drivers\DriverData
# environment
COMSPEC = C:\WINDOWS\system32\cmd.exe
# environment
WINDIR = C:\WINDOWS
# environment
MAKELEVEL := 0
# default
MAKE = $(MAKE_COMMAND)
# environment
PATH = C:\Python38\Scripts\;C:\Python38\;C:\Program Files (x86)\Intel\iCLS Client\;C:\Program Files\Intel\iCLS Client\;C:\windows\system32;C:\windows;C:\windows\System32\Wbem;C:\windows\System32\WindowsPowerShell\v1.0\;C:\Program Files (x86)\Intel\Intel(R) Management Engine Components\DAL;C:\Program Files\Intel\Intel(R) Management Engine Components\DAL;C:\Program Files (x86)\Intel\Intel(R) Management Engine Components\IPT;C:\Program Files\Intel\Intel(R) Management Engine Components\IPT;C:\Program Files (x86)\NVIDIA Corporation\PhysX\Common;C:\WINDOWS\system32;C:\WINDOWS;C:\WINDOWS\System32\Wbem;C:\WINDOWS\System32\WindowsPowerShell\v1.0\;C:\WINDOWS\System32\OpenSSH\;C:\Program Files\Intel\WiFi\bin\;C:\Program Files\Common Files\Intel\WirelessCommon\;C:\ProgramData\chocolatey\bin;C:\Program Files\Java\jdk1.8.0_211\bin;D:\nodejs\;C:\msys64\mingw64\bin;C:\Program Files\Git\cmd;C:\Users\Cyril Wastchenko\AppData\Local\Microsoft\WindowsApps;c:\Users\YOUR_USERNAME\AppData\Local\Android\Sdk\platform-tools;C:\Users\Cyril Wastchenko\AppData\Local\GitHubDesktop\bin;C:\Users\Cyril Wastchenko\AppData\Local\Microsoft\WindowsApps;C:\Users\Cyril Wastchenko\AppData\Roaming\npm;C:\Users\Cyril Wastchenko\AppData\Local\Programs\Microsoft VS Code\bin
# environment
COMPUTERNAME = LAPTOP-5J89K4R6
# default
MAKEFILES := 
# automatic
^F = $(notdir $^)
# environment
PROMPT = $P$G
# environment
CHOCOLATEYLASTPATHUPDATE = 132407843223538680
# environment
LOGONSERVER = \\LAPTOP-5J89K4R6
# environment
VSCODE_LOG_NATIVE = false
# environment
USERNAME = Cyril Wastchenko
# environment
COMMONPROGRAMFILES = C:\Program Files (x86)\Common Files
# automatic
?F = $(notdir $?)
# makefile (from 'Makefile', line 27)
INC = -I./inc/
# environment
PROGRAMW6432 = C:\Program Files
# makefile (from 'Makefile', line 1)
NAME = minishell
# makefile (from 'Makefile', line 3)
PARS = main.c srcs/parsing/parser.c srcs/parsing/ft_strtok.c srcs/parsing/ft_strtok_utils.c srcs/parsing/utils.c srcs/parsing/parser_utils.c srcs/parsing/check_env_var.c 
# environment
PATHEXT = .COM;.EXE;.BAT;.CMD;.VBS;.VBE;.JS;.JSE;.WSF;.WSH;.MSC
# automatic
+F = $(notdir $+)
# environment
ORIGINAL_XDG_CURRENT_DESKTOP = undefined
# environment
USERDOMAIN = LAPTOP-5J89K4R6
# 'override' directive
GNUMAKEFLAGS := 
# environment
OS = Windows_NT
# makefile (from 'Makefile', line 11)
EXE = srcs/exec/builtins.c srcs/exec/exec.c srcs/exec/pipes.c srcs/exec/utils.c 
# environment
DOKANLIBRARY1 = C:\Program Files\Dokan\Dokan Library-1.4.1\
# makefile
.DEFAULT_GOAL := all
# default
MAKE_VERSION := 4.3
# environment
PLATFORMCODE = KV
# environment
PROGRAMFILES(X86) = C:\Program Files (x86)
# environment
USERDOMAIN_ROAMINGPROFILE = LAPTOP-5J89K4R6
# environment
NUMBER_OF_PROCESSORS = 4
# environment
PUBLIC = C:\Users\Public
# environment
APPDATA = C:\Users\Cyril Wastchenko\AppData\Roaming
# makefile (from 'Makefile', line 24)
CFLAGS = -Wall -Wextra -Werror  -g3 
# environment
HOMEDRIVE = C:
# environment
PROCESSOR_ARCHITECTURE = x86
# environment
VSCODE_AMD_ENTRYPOINT = vs/workbench/api/node/extensionHostProcess
# environment
COMMONPROGRAMFILES(X86) = C:\Program Files (x86)\Common Files
# environment
ELECTRON_RUN_AS_NODE = 1
# environment
TEMP = C:\Users\CYRILW~1\AppData\Local\Temp
# environment
VSCODE_IPC_HOOK = \\.\pipe\a76266384f72284c200a7e89412d430e-1.65.2-main-sock
# default
.RECIPEPREFIX := 
# automatic
<F = $(notdir $<)
# default
SUFFIXES := 
# environment
ALLUSERSPROFILE = C:\ProgramData
# environment
SESSIONNAME = Console
# default
.FEATURES := target-specific order-only second-expansion else-if shortest-stem undefine oneshell nocomment grouped-target extra-prereqs archives jobserver output-sync load
# environment
REGIONCODE = EMEA
# environment
PROCESSOR_REVISION = 9e09
# makefile (from 'Makefile', line 22)
CC = gcc
# environment
PROCESSOR_IDENTIFIER = Intel64 Family 6 Model 158 Stepping 9, GenuineIntel
# variable set hash-table stats:
# Load=115/1024=11%, Rehash=0, Collisions=14/156=9%

# Pattern-specific Variable Values

# No pattern-specific variable values.

# Directories

# . (key d:/vsc_42cursus/mini_shell_loop, mtime 1648243560): 13 files, no impossibilities.

# 13 files, no impossibilities in 1 directories.

# Implicit Rules

%.o: %.c
#  recipe to execute (from 'Makefile', line 33):
				@echo "Compiling $<"
				@$(CC) $(CFLAGS) -c $(INC) $< -o $(<:c=o)
				@echo "Compiling OK!"

# 1 implicit rules, 0 (0.0%) terminal.
# Files

# Not a target:
srcs/parsing/check_env_var.o:
#  Implicit rule search has not been done.
#  Modification time never checked.
#  File has not been updated.

# Not a target:
srcs/parsing/utils.o:
#  Implicit rule search has not been done.
#  Modification time never checked.
#  File has not been updated.

minishell: main.o srcs/parsing/parser.o srcs/parsing/ft_strtok.o srcs/parsing/ft_strtok_utils.o srcs/parsing/utils.o srcs/parsing/parser_utils.o srcs/parsing/check_env_var.o srcs/exec/builtins.o srcs/exec/exec.o srcs/exec/pipes.o srcs/exec/utils.o
#  Implicit rule search has not been done.
#  Modification time never checked.
#  File has not been updated.
#  recipe to execute (from 'Makefile', line 38):
				@make all -s -C ./libft
				@echo "Linking $^"
				@cc $(CFLAGS) ${NAMELFT} -lreadline -L/Users/$(USER)/.brew/opt/readline/lib -I/Users/$(USER)/.brew/opt/include/readline/ -ltermcap $^ -o $@ 
				@echo "Executable created!"

# Not a target:
srcs/exec/exec.o:
#  Implicit rule search has not been done.
#  Modification time never checked.
#  File has not been updated.

# Not a target:
Makefile:
#  Implicit rule search has been done.
#  Last modified 2022-03-25 22:25:24
#  File has been updated.
#  Successfully updated.

# Not a target:
srcs/parsing/parser_utils.o:
#  Implicit rule search has not been done.
#  Modification time never checked.
#  File has not been updated.

# Not a target:
srcs/exec/pipes.o:
#  Implicit rule search has not been done.
#  Modification time never checked.
#  File has not been updated.

# Not a target:
srcs/parsing/ft_strtok_utils.o:
#  Implicit rule search has not been done.
#  Modification time never checked.
#  File has not been updated.

# Not a target:
srcs/exec/builtins.o:
#  Implicit rule search has not been done.
#  Modification time never checked.
#  File has not been updated.

clean:
#  Phony target (prerequisite of .PHONY).
#  Implicit rule search has not been done.
#  File does not exist.
#  File has not been updated.
#  recipe to execute (from 'Makefile', line 43):
				@echo "Cleaning objects..."
				@rm -f $(OBJS) $(BONUS_OBJS)
				@echo "Cleaned up!"

re: fclean all
#  Phony target (prerequisite of .PHONY).
#  Implicit rule search has not been done.
#  File does not exist.
#  File has not been updated.

# Not a target:
srcs/exec/utils.o:
#  Implicit rule search has not been done.
#  Modification time never checked.
#  File has not been updated.

# Not a target:
.DEFAULT:
#  Implicit rule search has not been done.
#  Modification time never checked.
#  File has not been updated.

all: main.o srcs/parsing/parser.o srcs/parsing/ft_strtok.o srcs/parsing/ft_strtok_utils.o srcs/parsing/utils.o srcs/parsing/parser_utils.o srcs/parsing/check_env_var.o srcs/exec/builtins.o srcs/exec/exec.o srcs/exec/pipes.o srcs/exec/utils.o minishell
#  Phony target (prerequisite of .PHONY).
#  Command line target.
#  Implicit rule search has not been done.
#  File does not exist.
#  File has been updated.
#  Needs to be updated (-q is set).
# variable set hash-table stats:
# Load=0/32=0%, Rehash=0, Collisions=0/6=0%

fclean: clean
#  Phony target (prerequisite of .PHONY).
#  Implicit rule search has not been done.
#  File does not exist.
#  File has not been updated.
#  recipe to execute (from 'Makefile', line 48):
				@make fclean -s -C ./libft
				@echo "Removing executable..."
				@rm -f $(NAME)
				@echo "Removed!"

# Not a target:
main.c:
#  Implicit rule search has been done.
#  Last modified 2022-03-25 22:25:24
#  File has been updated.
#  Successfully updated.

# Not a target:
srcs/parsing/ft_strtok.o:
#  Implicit rule search has not been done.
#  Modification time never checked.
#  File has not been updated.

main.o: main.c
#  Implicit rule search has been done.
#  Implicit/static pattern stem: 'main'
#  File does not exist.
#  File has been updated.
#  Needs to be updated (-q is set).
# automatic
# @ := main.o
# automatic
# * := main
# automatic
# < := main.c
# automatic
# + := main.c
# automatic
# % := 
# automatic
# ^ := main.c
# automatic
# ? := main.c
# automatic
# | := 
# variable set hash-table stats:
# Load=8/32=25%, Rehash=0, Collisions=3/17=18%
#  recipe to execute (from 'Makefile', line 33):
				@echo "Compiling $<"
				@$(CC) $(CFLAGS) -c $(INC) $< -o $(<:c=o)
				@echo "Compiling OK!"

# Not a target:
srcs/parsing/parser.o:
#  Implicit rule search has not been done.
#  Modification time never checked.
#  File has not been updated.

.PHONY: all clean fclean re
#  Implicit rule search has not been done.
#  Modification time never checked.
#  File has not been updated.

# files hash-table stats:
# Load=21/1024=2%, Rehash=0, Collisions=0/66=0%
# VPATH Search Paths

# No 'vpath' search paths.

# No general ('VPATH' variable) search path.

# strcache buffers: 1 (0) / strings = 35 / storage = 385 B / avg = 11 B
# current buf: size = 8174 B / used = 385 B / count = 35 / avg = 11 B

# strcache performance: lookups = 67 / hit rate = 47%
# hash-table stats:
# Load=35/8192=0%, Rehash=0, Collisions=0/67=0%
# Finished Make data base on Fri Mar 25 22:26:04 2022

 
